0 silly argv {
0 silly argv   _: [ 'create' ],
0 silly argv   lernaVersion: '3.22.1',
0 silly argv   '$0': '../../../../../Library/pnpm/global/5/node_modules/lerna/cli.js',
0 silly argv   name: 'core'
0 silly argv }
1 notice cli v3.22.1
2 verbose rootPath /Users/zhangzhengyang/Desktop/百度云/01227 - mkjj - Web前端架构师2023/project/xy-cli-dev
3 warn ENOREMOTE No git remote found, skipping repository property
4 error Error: canceled
4 error     at Interface.<anonymous> (/Users/zhangzhengyang/Library/pnpm/global/5/.pnpm/read@1.0.7/node_modules/read/lib/read.js:66:13)
4 error     at Interface.emit (node:events:514:28)
4 error     at [_ttyWrite] [as _ttyWrite] (node:internal/readline/interface:1131:18)
4 error     at ReadStream.onkeypress (node:internal/readline/interface:270:20)
4 error     at ReadStream.emit (node:events:514:28)
4 error     at emitKeys (node:internal/readline/utils:357:14)
4 error     at emitKeys.next (<anonymous>)
4 error     at ReadStream.onData (node:internal/readline/emitKeypressEvents:64:36)
4 error     at ReadStream.emit (node:events:514:28)
4 error     at addChunk (node:internal/streams/readable:324:12)
4 error     at readableAddChunk (node:internal/streams/readable:297:9)
4 error     at Readable.push (node:internal/streams/readable:234:10)
